[2026-02-10T09:26:00Z] phase=0 action=init result=reset details="Shell reset to clean Phase 0 baseline"
[2026-02-10T14:46:00Z] phase=0 action=phase-complete result=all-shell-files-verified
[2026-02-10T14:46:00Z] phase=0 action=human-gate result=auto-approved details="Shell template verified complete"
[2026-02-10T14:46:00Z] phase=1 action=start result=prd-review-initiated
[2026-02-10T14:50:00Z] phase=1 action=prd-review-pass1 result=3critical-5major-5minor lens=product
[2026-02-10T14:50:00Z] phase=1 action=prd-review-pass2 result=3critical-7major-7minor lens=technical
[2026-02-10T14:51:00Z] phase=1 action=prd-update result=v3.0 details="Addressed 6 critical and 12 major issues from product+technical review"
[2026-02-10T15:02:00Z] phase=1 action=human-gate result=approved details="PRD v3.0 approved by human"
[2026-02-10T15:02:00Z] phase=1 action=frd-breakdown result=started
[2026-02-10T15:06:00Z] phase=1 action=frd-breakdown result=complete details="8 FRDs generated in parallel"
[2026-02-10T15:06:00Z] phase=1 action=frd-generated file=frd-chat-ui.md
[2026-02-10T15:06:00Z] phase=1 action=frd-generated file=frd-product-discovery.md
[2026-02-10T15:06:00Z] phase=1 action=frd-generated file=frd-inventory-pricing.md
[2026-02-10T15:06:00Z] phase=1 action=frd-generated file=frd-order-management.md
[2026-02-10T15:06:00Z] phase=1 action=frd-generated file=frd-policy-escalation.md
[2026-02-10T15:06:00Z] phase=1 action=frd-generated file=frd-conversation-context.md
[2026-02-10T15:06:00Z] phase=1 action=frd-generated file=frd-safety-guardrails.md
[2026-02-10T15:06:00Z] phase=1 action=frd-generated file=frd-seed-data.md
[2026-02-10T15:11:00Z] phase=1 action=human-gate result=approved details="All 8 FRDs approved by human"
[2026-02-10T15:11:00Z] phase=2 action=start result=gherkin-generation-initiated
[2026-02-10T15:15:00Z] phase=2 action=gherkin-generation result=complete details="8 feature files, 499 scenarios, 2243 steps — all parse successfully"
[2026-02-10T15:17:00Z] phase=2 action=human-gate result=approved details="499 Gherkin scenarios approved"
[2026-02-10T15:17:00Z] phase=3 action=start result=test-generation-initiated
[2026-02-10T15:30:00Z] phase=3 action=test-generation result=complete details="TypeScript: 0 errors, .NET: 0 build errors, 284 tests (203 fail, 81 pass), Cucumber: 499 scenarios parse"
[2026-02-10T15:30:00Z] phase=3 action=red-baseline result=verified details="203 failing tests confirm red baseline"
[2026-02-10T15:55:00Z] phase=4 action=start result=implementation-initiated
[2026-02-16T14:35:00Z] phase=1 action=frd-review result=approved details="6 FRDs reviewed and approved"
[2026-02-16T14:35:00Z] phase=2 action=gherkin-generation result=complete details="6 feature files generated"
[2026-02-16T14:35:00Z] phase=2 action=phase-complete result=transition-to-test-generation
